<?xml version="1.0" encoding="UTF-8"?>
<testsuite xmlns:xsi="http://www.w3.org/2001/XMLSchema-instance" xsi:noNamespaceSchemaLocation="https://maven.apache.org/surefire/maven-surefire-plugin/xsd/surefire-test-report.xsd" name="se_8_2021.LetterGradeTest" time="0.035" tests="3" errors="0" skipped="0" failures="0">
  <properties>
[...]
</properties>
  <testcase name="EquivalencePartitioningTest" classname="se_8_2021.LetterGradeTest" time="0.002"/>
  <testcase name="BoundaryValueTest1" classname="se_8_2021.LetterGradeTest" time="0"/>
  <testcase name="BoundaryValueTest2" classname="se_8_2021.LetterGradeTest" time="0"/>
</testsuite>